DEBUG:PyQt4.uic.uiparser:UI version is 4.0
DEBUG:PyQt4.uic.uiparser:uiname is MainWindow
DEBUG:PyQt4.uic.uiparser:toplevel widget is MainWindow
DEBUG:PyQt4.uic.properties:setting property geometry
DEBUG:PyQt4.uic.properties:setting property windowTitle
DEBUG:PyQt4.uic.uiparser:push MainWindow MainWindow
DEBUG:PyQt4.uic.properties:setting property minimumSize
DEBUG:PyQt4.uic.properties:setting property maximumSize
DEBUG:PyQt4.uic.uiparser:push QWidget centralwidget
DEBUG:PyQt4.uic.properties:setting property geometry
DEBUG:PyQt4.uic.uiparser:push QWidget verticalLayoutWidget
DEBUG:PyQt4.uic.properties:setting property margin
DEBUG:PyQt4.uic.uiparser:push QVBoxLayout verticalLayout
DEBUG:PyQt4.uic.properties:setting property sizeConstraint
DEBUG:PyQt4.uic.uiparser:push QHBoxLayout horizontalLayout_2
DEBUG:PyQt4.uic.properties:setting property minimumSize
DEBUG:PyQt4.uic.properties:setting property maximumSize
DEBUG:PyQt4.uic.properties:setting property text
DEBUG:PyQt4.uic.uiparser:push QRadioButton radioButton
DEBUG:PyQt4.uic.uiparser:pop widget QRadioButton radioButton
DEBUG:PyQt4.uic.uiparser:new topwidget <PyQt4.QtGui.QWidget object at 0x7ff5dfcd7af8>
DEBUG:PyQt4.uic.properties:setting property minimumSize
DEBUG:PyQt4.uic.properties:setting property maximumSize
DEBUG:PyQt4.uic.properties:setting property text
DEBUG:PyQt4.uic.uiparser:push QRadioButton radioButton_2
DEBUG:PyQt4.uic.uiparser:pop widget QRadioButton radioButton_2
DEBUG:PyQt4.uic.uiparser:new topwidget <PyQt4.QtGui.QWidget object at 0x7ff5dfcd7af8>
DEBUG:PyQt4.uic.properties:setting property minimumSize
DEBUG:PyQt4.uic.properties:setting property maximumSize
DEBUG:PyQt4.uic.properties:setting property text
DEBUG:PyQt4.uic.uiparser:push QRadioButton radioButton_3
DEBUG:PyQt4.uic.uiparser:pop widget QRadioButton radioButton_3
DEBUG:PyQt4.uic.uiparser:new topwidget <PyQt4.QtGui.QWidget object at 0x7ff5dfcd7af8>
DEBUG:PyQt4.uic.properties:setting property minimumSize
DEBUG:PyQt4.uic.properties:setting property maximumSize
DEBUG:PyQt4.uic.uiparser:push QLineEdit lineEdit
DEBUG:PyQt4.uic.uiparser:pop widget QLineEdit lineEdit
DEBUG:PyQt4.uic.uiparser:new topwidget <PyQt4.QtGui.QWidget object at 0x7ff5dfcd7af8>
DEBUG:PyQt4.uic.properties:setting property minimumSize
DEBUG:PyQt4.uic.properties:setting property maximumSize
DEBUG:PyQt4.uic.uiparser:push QLineEdit lineEdit_2
DEBUG:PyQt4.uic.uiparser:pop widget QLineEdit lineEdit_2
DEBUG:PyQt4.uic.uiparser:new topwidget <PyQt4.QtGui.QWidget object at 0x7ff5dfcd7af8>
DEBUG:PyQt4.uic.uiparser:pop layout QHBoxLayout horizontalLayout_2
DEBUG:PyQt4.uic.uiparser:push QHBoxLayout horizontalLayout
DEBUG:PyQt4.uic.properties:setting property minimumSize
DEBUG:PyQt4.uic.properties:setting property maximumSize
DEBUG:PyQt4.uic.properties:setting property text
DEBUG:PyQt4.uic.uiparser:push QPushButton pushButton
DEBUG:PyQt4.uic.uiparser:pop widget QPushButton pushButton
DEBUG:PyQt4.uic.uiparser:new topwidget <PyQt4.QtGui.QWidget object at 0x7ff5dfcd7af8>
DEBUG:PyQt4.uic.properties:setting property minimumSize
DEBUG:PyQt4.uic.properties:setting property maximumSize
DEBUG:PyQt4.uic.properties:setting property text
DEBUG:PyQt4.uic.uiparser:push QPushButton pushButton_2
DEBUG:PyQt4.uic.uiparser:pop widget QPushButton pushButton_2
DEBUG:PyQt4.uic.uiparser:new topwidget <PyQt4.QtGui.QWidget object at 0x7ff5dfcd7af8>
DEBUG:PyQt4.uic.properties:setting property minimumSize
DEBUG:PyQt4.uic.properties:setting property maximumSize
DEBUG:PyQt4.uic.properties:setting property text
DEBUG:PyQt4.uic.uiparser:push QPushButton pushButton_7
DEBUG:PyQt4.uic.uiparser:pop widget QPushButton pushButton_7
DEBUG:PyQt4.uic.uiparser:new topwidget <PyQt4.QtGui.QWidget object at 0x7ff5dfcd7af8>
DEBUG:PyQt4.uic.properties:setting property minimumSize
DEBUG:PyQt4.uic.properties:setting property maximumSize
DEBUG:PyQt4.uic.properties:setting property text
DEBUG:PyQt4.uic.uiparser:push QPushButton pushButton_3
DEBUG:PyQt4.uic.uiparser:pop widget QPushButton pushButton_3
DEBUG:PyQt4.uic.uiparser:new topwidget <PyQt4.QtGui.QWidget object at 0x7ff5dfcd7af8>
DEBUG:PyQt4.uic.properties:setting property minimumSize
DEBUG:PyQt4.uic.properties:setting property maximumSize
DEBUG:PyQt4.uic.properties:setting property text
DEBUG:PyQt4.uic.uiparser:push QPushButton pushButton_4
DEBUG:PyQt4.uic.uiparser:pop widget QPushButton pushButton_4
DEBUG:PyQt4.uic.uiparser:new topwidget <PyQt4.QtGui.QWidget object at 0x7ff5dfcd7af8>
DEBUG:PyQt4.uic.properties:setting property minimumSize
DEBUG:PyQt4.uic.properties:setting property maximumSize
DEBUG:PyQt4.uic.properties:setting property text
DEBUG:PyQt4.uic.uiparser:push QPushButton pushButton_5
DEBUG:PyQt4.uic.uiparser:pop widget QPushButton pushButton_5
DEBUG:PyQt4.uic.uiparser:new topwidget <PyQt4.QtGui.QWidget object at 0x7ff5dfcd7af8>
DEBUG:PyQt4.uic.properties:setting property minimumSize
DEBUG:PyQt4.uic.properties:setting property maximumSize
DEBUG:PyQt4.uic.properties:setting property text
DEBUG:PyQt4.uic.uiparser:push QPushButton pushButton_6
DEBUG:PyQt4.uic.uiparser:pop widget QPushButton pushButton_6
DEBUG:PyQt4.uic.uiparser:new topwidget <PyQt4.QtGui.QWidget object at 0x7ff5dfcd7af8>
DEBUG:PyQt4.uic.uiparser:pop layout QHBoxLayout horizontalLayout
DEBUG:PyQt4.uic.uiparser:pop layout QVBoxLayout verticalLayout
DEBUG:PyQt4.uic.uiparser:pop widget QWidget verticalLayoutWidget
DEBUG:PyQt4.uic.uiparser:new topwidget <PyQt4.QtGui.QWidget object at 0x7ff5dfcd7b88>
DEBUG:PyQt4.uic.uiparser:pop widget QWidget centralwidget
DEBUG:PyQt4.uic.uiparser:new topwidget <gui.MainWindow.MainWindow object at 0x7ff5e13bbf78>
DEBUG:PyQt4.uic.properties:setting property geometry
DEBUG:PyQt4.uic.uiparser:push QMenuBar menubar
DEBUG:PyQt4.uic.properties:setting property title
DEBUG:PyQt4.uic.uiparser:push QMenu menuFile
DEBUG:PyQt4.uic.uiparser:pop widget QMenu menuFile
DEBUG:PyQt4.uic.uiparser:new topwidget <PyQt4.QtGui.QMenuBar object at 0x7ff5dfceeee8>
DEBUG:PyQt4.uic.properties:setting property title
DEBUG:PyQt4.uic.uiparser:push QMenu menuView
DEBUG:PyQt4.uic.uiparser:pop widget QMenu menuView
DEBUG:PyQt4.uic.uiparser:new topwidget <PyQt4.QtGui.QMenuBar object at 0x7ff5dfceeee8>
DEBUG:PyQt4.uic.uiparser:pop widget QMenuBar menubar
DEBUG:PyQt4.uic.uiparser:new topwidget <gui.MainWindow.MainWindow object at 0x7ff5e13bbf78>
DEBUG:PyQt4.uic.uiparser:push QStatusBar statusbar
DEBUG:PyQt4.uic.uiparser:pop widget QStatusBar statusbar
DEBUG:PyQt4.uic.uiparser:new topwidget <gui.MainWindow.MainWindow object at 0x7ff5e13bbf78>
DEBUG:PyQt4.uic.properties:setting property text
DEBUG:PyQt4.uic.properties:setting property text
DEBUG:PyQt4.uic.properties:setting property text
DEBUG:PyQt4.uic.properties:setting property text
DEBUG:PyQt4.uic.properties:setting property text
DEBUG:PyQt4.uic.properties:setting property text
DEBUG:PyQt4.uic.properties:setting property shortcut
DEBUG:PyQt4.uic.properties:setting property text
DEBUG:PyQt4.uic.properties:setting property shortcut
DEBUG:PyQt4.uic.properties:setting property text
DEBUG:PyQt4.uic.properties:setting property shortcut
DEBUG:PyQt4.uic.properties:setting property text
DEBUG:PyQt4.uic.properties:setting property text
DEBUG:PyQt4.uic.properties:setting property text
DEBUG:PyQt4.uic.properties:setting property text
DEBUG:PyQt4.uic.uiparser:pop widget MainWindow MainWindow
DEBUG:PyQt4.uic.uiparser:new topwidget None
DEBUG:PyQt4.uic.uiparser:add action actionNew_Net to menuFile
DEBUG:PyQt4.uic.uiparser:add action actionOpen_Net to menuFile
DEBUG:PyQt4.uic.uiparser:add action actionSave_Net to menuFile
DEBUG:PyQt4.uic.uiparser:add action actionExport_Step_as_SVG to menuFile
DEBUG:PyQt4.uic.uiparser:add action actionExport_to_Gif to menuFile
DEBUG:PyQt4.uic.uiparser:add action actionExit to menuFile
DEBUG:PyQt4.uic.uiparser:add action actionZoom_In_2 to menuView
DEBUG:PyQt4.uic.uiparser:add action actionZoom_Out_2 to menuView
DEBUG:PyQt4.uic.uiparser:add action actionZoom_1_2 to menuView
DEBUG:PyQt4.uic.uiparser:add action menuFile to menubar
DEBUG:PyQt4.uic.uiparser:add action menuView to menubar
DEBUG:root:-------Create----Transition-------------------t14544910---------xfhgnj----------
DEBUG:root:editor <gui.DiagramEditor.DiagramEditor object at 0x7ff5d30458b8> position PyQt4.QtCore.QPointF(-520.0, -210.0) Guard Expression True
DEBUG:root:loadFromFile False substitution Transition True subnet xfhgnj
DEBUG:root:-----------------------------------------------------------------------------------
DEBUG:root:-------Create----Place-------------------p14544911---------Server Receive----------
DEBUG:root:editor <gui.DiagramEditor.DiagramEditor object at 0x7ff5d3061558> position PyQt4.QtCore.QPointF(-457.0, -583.0) initMarking deque([])
DEBUG:root:port None loadFromFile True portDirection i portClone None superNet None subnet xfhgnj
DEBUG:root:-----------------------------------------------------------------------------------
DEBUG:root:-------Create----Place-------------------p14544911---------Server Receive----------
DEBUG:root:editor <gui.DiagramEditor.DiagramEditor object at 0x7ff5d30458b8> position PyQt4.QtCore.QPointF(-520.0, -310.0) initMarking deque([])
DEBUG:root:port <model.PortItem.PortItem object at 0x7ff5d3065f78> loadFromFile False portDirection i portClone None superNet None subnet None
DEBUG:root:-----------------------------------------------------------------------------------
DEBUG:root:-------Create----Place-------------------p14544912---------Server Send----------
DEBUG:root:editor <gui.DiagramEditor.DiagramEditor object at 0x7ff5d3061558> position PyQt4.QtCore.QPointF(-494.0, 78.0) initMarking deque([])
DEBUG:root:port None loadFromFile True portDirection o portClone None superNet None subnet xfhgnj
DEBUG:root:-----------------------------------------------------------------------------------
DEBUG:root:-------Create----Place-------------------p14544912---------Server Send----------
DEBUG:root:editor <gui.DiagramEditor.DiagramEditor object at 0x7ff5d30458b8> position PyQt4.QtCore.QPointF(-520.0, -110.0) initMarking deque([])
DEBUG:root:port <model.PortItem.PortItem object at 0x7ff5d306ff78> loadFromFile False portDirection o portClone None superNet None subnet None
DEBUG:root:-----------------------------------------------------------------------------------
DEBUG:root:-------Create----Place-------------------p14544913---------Server IP Address----------
DEBUG:root:editor <gui.DiagramEditor.DiagramEditor object at 0x7ff5d3061558> position PyQt4.QtCore.QPointF(278.0, -323.0) initMarking deque(['52 a5 e5 8a'])
DEBUG:root:port None loadFromFile True portDirection None portClone None superNet None subnet xfhgnj
DEBUG:root:-----------------------------------------------------------------------------------
DEBUG:root:-------Create----Place-------------------p14544914---------Client IP Address----------
DEBUG:root:editor <gui.DiagramEditor.DiagramEditor object at 0x7ff5d3061558> position PyQt4.QtCore.QPointF(398.0, -577.0) initMarking deque([])
DEBUG:root:port None loadFromFile True portDirection None portClone None superNet None subnet xfhgnj
DEBUG:root:-----------------------------------------------------------------------------------
DEBUG:root:-------Create----Place-------------------p14544915---------Server Dump----------
DEBUG:root:editor <gui.DiagramEditor.DiagramEditor object at 0x7ff5d3061558> position PyQt4.QtCore.QPointF(-10.0, -588.0) initMarking deque([])
DEBUG:root:port None loadFromFile True portDirection None portClone None superNet None subnet xfhgnj
DEBUG:root:-----------------------------------------------------------------------------------
DEBUG:root:-------Create----Place-------------------p14544916---------Received Request----------
DEBUG:root:editor <gui.DiagramEditor.DiagramEditor object at 0x7ff5d3061558> position PyQt4.QtCore.QPointF(-419.0, -71.0) initMarking deque([])
DEBUG:root:port None loadFromFile True portDirection None portClone None superNet None subnet xfhgnj
DEBUG:root:-----------------------------------------------------------------------------------
DEBUG:root:-------Create----Place-------------------p14544917---------Response Header----------
DEBUG:root:editor <gui.DiagramEditor.DiagramEditor object at 0x7ff5d3061558> position PyQt4.QtCore.QPointF(749.0, -53.0) initMarking deque(['ac 9e 17 4e 7e 41 24 65 11 f6 cd 55 08 00 45 00 00 54 0f 98 40 00 f8 01 bd f4'])
DEBUG:root:port None loadFromFile True portDirection None portClone None superNet None subnet xfhgnj
DEBUG:root:-----------------------------------------------------------------------------------
DEBUG:root:-------Create----Transition-------------------t14544918---------process Request----------
DEBUG:root:editor <gui.DiagramEditor.DiagramEditor object at 0x7ff5d3061558> position PyQt4.QtCore.QPointF(-417.0, -334.0) Guard Expression True
DEBUG:root:loadFromFile True substitution Transition False subnet xfhgnj
DEBUG:root:-----------------------------------------------------------------------------------
DEBUG:root:-------Create----Transition-------------------t14544919---------generate Response----------
DEBUG:root:editor <gui.DiagramEditor.DiagramEditor object at 0x7ff5d3061558> position PyQt4.QtCore.QPointF(346.0, -56.0) Guard Expression True
DEBUG:root:loadFromFile True substitution Transition False subnet xfhgnj
DEBUG:root:-----------------------------------------------------------------------------------
DEBUG:root:[Place('p14544911', MultiSet([]), tAll), Place('p14544917', MultiSet(['ac 9e 17 4e 7e 41 24 65 11 f6 cd 55 08 00 45 00 00 54 0f 98 40 00 f8 01 bd f4']), tAll), Place('p14544916', MultiSet([]), tAll), Place('p14544914', MultiSet([]), tAll), Place('p14544915', MultiSet([]), tAll), Place('p14544913', MultiSet(['52 a5 e5 8a']), tAll), Place('p14544912', MultiSet([]), tAll)]
DEBUG:root:[Transition('t14544918', Expression('True')), Transition('t14544919', Expression('True'))]
DEBUG:root:['p14544911', 't14544918', 'Request', '12', '1']
DEBUG:root:['t14544918', 'p14544915', 'Request if " ".join(str(Request).split(" ")[30:34])!=ServerIP else None', '3', '15']
DEBUG:root:['t14544918', 'p14544916', '" ".join(str(Request).split(" ")[38:]) if " ".join(str(Request).split(" ")[30:34])==ServerIP else None', '13', '2']
DEBUG:root:['t14544919', 'p14544912', 'prefixHeader+" "+ServerIP+" "+ClientIP+" "+Payload', '17', '8']
DEBUG:root:['p14544914', 't14544919', 'ClientIP', '13', '4']
DEBUG:root:['t14544918', 'p14544914', '" ".join(str(Request).split(" ")[26:30])', '4', '14']
DEBUG:root:['p14544917', 't14544919', 'prefixHeader', '0', '5']
DEBUG:root:['t14544919', 'p14544917', 'prefixHeader', '10', '15']
DEBUG:root:['p14544916', 't14544919', 'Payload', '8', '19']
DEBUG:root:['p14544913', 't14544919', 'ServerIP', '10', '2']
DEBUG:root:['t14544919', 'p14544913', 'ServerIP', '0', '12']
DEBUG:root:['p14544913', 't14544918', 'ServerIP', '0', '6']
DEBUG:root:['p14544913', 't14544918', 'ServerIP', '0', '7']
DEBUG:root:['t14544918', 'p14544913', 'ServerIP', '10', '17']
DEBUG:root:['t14544918', 'p14544913', 'ServerIP', '10', '16']
