DEBUG:PyQt4.uic.uiparser:UI version is 4.0
DEBUG:PyQt4.uic.uiparser:uiname is MainWindow
DEBUG:PyQt4.uic.uiparser:toplevel widget is MainWindow
DEBUG:PyQt4.uic.properties:setting property geometry
DEBUG:PyQt4.uic.properties:setting property windowTitle
DEBUG:PyQt4.uic.uiparser:push MainWindow MainWindow
DEBUG:PyQt4.uic.properties:setting property minimumSize
DEBUG:PyQt4.uic.properties:setting property maximumSize
DEBUG:PyQt4.uic.uiparser:push QWidget centralwidget
DEBUG:PyQt4.uic.properties:setting property geometry
DEBUG:PyQt4.uic.uiparser:push QWidget verticalLayoutWidget
DEBUG:PyQt4.uic.properties:setting property margin
DEBUG:PyQt4.uic.uiparser:push QVBoxLayout verticalLayout
DEBUG:PyQt4.uic.properties:setting property sizeConstraint
DEBUG:PyQt4.uic.uiparser:push QHBoxLayout horizontalLayout_2
DEBUG:PyQt4.uic.properties:setting property minimumSize
DEBUG:PyQt4.uic.properties:setting property maximumSize
DEBUG:PyQt4.uic.properties:setting property text
DEBUG:PyQt4.uic.uiparser:push QRadioButton radioButton
DEBUG:PyQt4.uic.uiparser:pop widget QRadioButton radioButton
DEBUG:PyQt4.uic.uiparser:new topwidget <PyQt4.QtGui.QWidget object at 0x7f237d69faf8>
DEBUG:PyQt4.uic.properties:setting property minimumSize
DEBUG:PyQt4.uic.properties:setting property maximumSize
DEBUG:PyQt4.uic.properties:setting property text
DEBUG:PyQt4.uic.uiparser:push QRadioButton radioButton_2
DEBUG:PyQt4.uic.uiparser:pop widget QRadioButton radioButton_2
DEBUG:PyQt4.uic.uiparser:new topwidget <PyQt4.QtGui.QWidget object at 0x7f237d69faf8>
DEBUG:PyQt4.uic.properties:setting property minimumSize
DEBUG:PyQt4.uic.properties:setting property maximumSize
DEBUG:PyQt4.uic.properties:setting property text
DEBUG:PyQt4.uic.uiparser:push QRadioButton radioButton_3
DEBUG:PyQt4.uic.uiparser:pop widget QRadioButton radioButton_3
DEBUG:PyQt4.uic.uiparser:new topwidget <PyQt4.QtGui.QWidget object at 0x7f237d69faf8>
DEBUG:PyQt4.uic.properties:setting property minimumSize
DEBUG:PyQt4.uic.properties:setting property maximumSize
DEBUG:PyQt4.uic.uiparser:push QLineEdit lineEdit
DEBUG:PyQt4.uic.uiparser:pop widget QLineEdit lineEdit
DEBUG:PyQt4.uic.uiparser:new topwidget <PyQt4.QtGui.QWidget object at 0x7f237d69faf8>
DEBUG:PyQt4.uic.properties:setting property minimumSize
DEBUG:PyQt4.uic.properties:setting property maximumSize
DEBUG:PyQt4.uic.uiparser:push QLineEdit lineEdit_2
DEBUG:PyQt4.uic.uiparser:pop widget QLineEdit lineEdit_2
DEBUG:PyQt4.uic.uiparser:new topwidget <PyQt4.QtGui.QWidget object at 0x7f237d69faf8>
DEBUG:PyQt4.uic.uiparser:pop layout QHBoxLayout horizontalLayout_2
DEBUG:PyQt4.uic.uiparser:push QHBoxLayout horizontalLayout
DEBUG:PyQt4.uic.properties:setting property minimumSize
DEBUG:PyQt4.uic.properties:setting property maximumSize
DEBUG:PyQt4.uic.properties:setting property text
DEBUG:PyQt4.uic.uiparser:push QPushButton pushButton
DEBUG:PyQt4.uic.uiparser:pop widget QPushButton pushButton
DEBUG:PyQt4.uic.uiparser:new topwidget <PyQt4.QtGui.QWidget object at 0x7f237d69faf8>
DEBUG:PyQt4.uic.properties:setting property minimumSize
DEBUG:PyQt4.uic.properties:setting property maximumSize
DEBUG:PyQt4.uic.properties:setting property text
DEBUG:PyQt4.uic.uiparser:push QPushButton pushButton_2
DEBUG:PyQt4.uic.uiparser:pop widget QPushButton pushButton_2
DEBUG:PyQt4.uic.uiparser:new topwidget <PyQt4.QtGui.QWidget object at 0x7f237d69faf8>
DEBUG:PyQt4.uic.properties:setting property minimumSize
DEBUG:PyQt4.uic.properties:setting property maximumSize
DEBUG:PyQt4.uic.properties:setting property text
DEBUG:PyQt4.uic.uiparser:push QPushButton pushButton_7
DEBUG:PyQt4.uic.uiparser:pop widget QPushButton pushButton_7
DEBUG:PyQt4.uic.uiparser:new topwidget <PyQt4.QtGui.QWidget object at 0x7f237d69faf8>
DEBUG:PyQt4.uic.properties:setting property minimumSize
DEBUG:PyQt4.uic.properties:setting property maximumSize
DEBUG:PyQt4.uic.properties:setting property text
DEBUG:PyQt4.uic.uiparser:push QPushButton pushButton_3
DEBUG:PyQt4.uic.uiparser:pop widget QPushButton pushButton_3
DEBUG:PyQt4.uic.uiparser:new topwidget <PyQt4.QtGui.QWidget object at 0x7f237d69faf8>
DEBUG:PyQt4.uic.properties:setting property minimumSize
DEBUG:PyQt4.uic.properties:setting property maximumSize
DEBUG:PyQt4.uic.properties:setting property text
DEBUG:PyQt4.uic.uiparser:push QPushButton pushButton_4
DEBUG:PyQt4.uic.uiparser:pop widget QPushButton pushButton_4
DEBUG:PyQt4.uic.uiparser:new topwidget <PyQt4.QtGui.QWidget object at 0x7f237d69faf8>
DEBUG:PyQt4.uic.properties:setting property minimumSize
DEBUG:PyQt4.uic.properties:setting property maximumSize
DEBUG:PyQt4.uic.properties:setting property text
DEBUG:PyQt4.uic.uiparser:push QPushButton pushButton_5
DEBUG:PyQt4.uic.uiparser:pop widget QPushButton pushButton_5
DEBUG:PyQt4.uic.uiparser:new topwidget <PyQt4.QtGui.QWidget object at 0x7f237d69faf8>
DEBUG:PyQt4.uic.properties:setting property minimumSize
DEBUG:PyQt4.uic.properties:setting property maximumSize
DEBUG:PyQt4.uic.properties:setting property text
DEBUG:PyQt4.uic.uiparser:push QPushButton pushButton_6
DEBUG:PyQt4.uic.uiparser:pop widget QPushButton pushButton_6
DEBUG:PyQt4.uic.uiparser:new topwidget <PyQt4.QtGui.QWidget object at 0x7f237d69faf8>
DEBUG:PyQt4.uic.uiparser:pop layout QHBoxLayout horizontalLayout
DEBUG:PyQt4.uic.uiparser:pop layout QVBoxLayout verticalLayout
DEBUG:PyQt4.uic.uiparser:pop widget QWidget verticalLayoutWidget
DEBUG:PyQt4.uic.uiparser:new topwidget <PyQt4.QtGui.QWidget object at 0x7f237d69fb88>
DEBUG:PyQt4.uic.uiparser:pop widget QWidget centralwidget
DEBUG:PyQt4.uic.uiparser:new topwidget <gui.MainWindow.MainWindow object at 0x7f237ed83f78>
DEBUG:PyQt4.uic.properties:setting property geometry
DEBUG:PyQt4.uic.uiparser:push QMenuBar menubar
DEBUG:PyQt4.uic.properties:setting property title
DEBUG:PyQt4.uic.uiparser:push QMenu menuFile
DEBUG:PyQt4.uic.uiparser:pop widget QMenu menuFile
DEBUG:PyQt4.uic.uiparser:new topwidget <PyQt4.QtGui.QMenuBar object at 0x7f237d6b6ee8>
DEBUG:PyQt4.uic.properties:setting property title
DEBUG:PyQt4.uic.uiparser:push QMenu menuView
DEBUG:PyQt4.uic.uiparser:pop widget QMenu menuView
DEBUG:PyQt4.uic.uiparser:new topwidget <PyQt4.QtGui.QMenuBar object at 0x7f237d6b6ee8>
DEBUG:PyQt4.uic.uiparser:pop widget QMenuBar menubar
DEBUG:PyQt4.uic.uiparser:new topwidget <gui.MainWindow.MainWindow object at 0x7f237ed83f78>
DEBUG:PyQt4.uic.uiparser:push QStatusBar statusbar
DEBUG:PyQt4.uic.uiparser:pop widget QStatusBar statusbar
DEBUG:PyQt4.uic.uiparser:new topwidget <gui.MainWindow.MainWindow object at 0x7f237ed83f78>
DEBUG:PyQt4.uic.properties:setting property text
DEBUG:PyQt4.uic.properties:setting property text
DEBUG:PyQt4.uic.properties:setting property text
DEBUG:PyQt4.uic.properties:setting property text
DEBUG:PyQt4.uic.properties:setting property text
DEBUG:PyQt4.uic.properties:setting property text
DEBUG:PyQt4.uic.properties:setting property shortcut
DEBUG:PyQt4.uic.properties:setting property text
DEBUG:PyQt4.uic.properties:setting property shortcut
DEBUG:PyQt4.uic.properties:setting property text
DEBUG:PyQt4.uic.properties:setting property shortcut
DEBUG:PyQt4.uic.properties:setting property text
DEBUG:PyQt4.uic.properties:setting property text
DEBUG:PyQt4.uic.properties:setting property text
DEBUG:PyQt4.uic.properties:setting property text
DEBUG:PyQt4.uic.uiparser:pop widget MainWindow MainWindow
DEBUG:PyQt4.uic.uiparser:new topwidget None
DEBUG:PyQt4.uic.uiparser:add action actionNew_Net to menuFile
DEBUG:PyQt4.uic.uiparser:add action actionOpen_Net to menuFile
DEBUG:PyQt4.uic.uiparser:add action actionSave_Net to menuFile
DEBUG:PyQt4.uic.uiparser:add action actionExport_Step_as_SVG to menuFile
DEBUG:PyQt4.uic.uiparser:add action actionExport_to_Gif to menuFile
DEBUG:PyQt4.uic.uiparser:add action actionExit to menuFile
DEBUG:PyQt4.uic.uiparser:add action actionZoom_In_2 to menuView
DEBUG:PyQt4.uic.uiparser:add action actionZoom_Out_2 to menuView
DEBUG:PyQt4.uic.uiparser:add action actionZoom_1_2 to menuView
DEBUG:PyQt4.uic.uiparser:add action menuFile to menubar
DEBUG:PyQt4.uic.uiparser:add action menuView to menubar
DEBUG:root:-------Create----Place-------------------p14544910---------p1----------
DEBUG:root:editor <gui.DiagramEditor.DiagramEditor object at 0x7f2370a4d8b8> position PyQt4.QtCore.QPointF(-535.3125, -188.9375) initMarking deque(['abc'])
DEBUG:root:port None loadFromFile True portDirection None portClone None superNet None subnet None
DEBUG:root:-----------------------------------------------------------------------------------
DEBUG:root:-------Create----Place-------------------p14544912---------p2----------
DEBUG:root:editor <gui.DiagramEditor.DiagramEditor object at 0x7f2370a4d8b8> position PyQt4.QtCore.QPointF(-441.5, -16.9375) initMarking deque([])
DEBUG:root:port None loadFromFile True portDirection None portClone None superNet None subnet None
DEBUG:root:-----------------------------------------------------------------------------------
DEBUG:root:-------Create----Place-------------------p14544914---------p3----------
DEBUG:root:editor <gui.DiagramEditor.DiagramEditor object at 0x7f2370a4d8b8> position PyQt4.QtCore.QPointF(-326.5625, -105.375) initMarking deque([])
DEBUG:root:port None loadFromFile True portDirection None portClone None superNet None subnet None
DEBUG:root:-----------------------------------------------------------------------------------
DEBUG:root:-------Create----Place-------------------p14544915---------p4----------
DEBUG:root:editor <gui.DiagramEditor.DiagramEditor object at 0x7f2370a4d8b8> position PyQt4.QtCore.QPointF(-84.9375, -7.875) initMarking deque([])
DEBUG:root:port None loadFromFile True portDirection None portClone None superNet None subnet None
DEBUG:root:-----------------------------------------------------------------------------------
DEBUG:root:-------Create----Transition-------------------t14544911---------t1----------
DEBUG:root:editor <gui.DiagramEditor.DiagramEditor object at 0x7f2370a4d8b8> position PyQt4.QtCore.QPointF(-442.375, -143.4375) Guard Expression True
DEBUG:root:loadFromFile True substitution Transition False subnet None
DEBUG:root:-----------------------------------------------------------------------------------
DEBUG:root:-------Create----Transition-------------------t14544913---------t2----------
DEBUG:root:editor <gui.DiagramEditor.DiagramEditor object at 0x7f2370a4d8b8> position PyQt4.QtCore.QPointF(-256.1875, -16.6875) Guard Expression True
DEBUG:root:loadFromFile True substitution Transition False subnet None
DEBUG:root:-----------------------------------------------------------------------------------
DEBUG:root:[Place('p14544915', MultiSet([]), tAll), Place('p14544912', MultiSet([]), tAll), Place('p14544910', MultiSet(['abc']), tAll), Place('p14544914', MultiSet([]), tAll)]
DEBUG:root:[Transition('t14544911', Expression('True')), Transition('t14544913', Expression('True'))]
DEBUG:root:['p14544910', 't14544911', 'a', '8', '18']
DEBUG:root:['t14544911', 'p14544912', 'a', '13', '2']
DEBUG:root:['p14544912', 't14544913', 'a', '8', '17']
DEBUG:root:['t14544911', 'p14544914', 'a', '11', '2']
DEBUG:root:['p14544914', 't14544913', 'a', '8', '2']
DEBUG:root:['t14544913', 'p14544915', 'b', '8', '18']
DEBUG:root:-------Create----Arc----------------------------a----------
DEBUG:root:editor <gui.DiagramEditor.DiagramEditor object at 0x7f2370a4d8b8> Start Pos: PyQt4.QtCore.QPointF(-493.84765625, -163.6875) End Pos: PyQt4.QtCore.QPointF(-439.60546875, -125.6875) Source p14544910 Destination t14544911
DEBUG:root:is a Port Connection False Variable None Expression None
DEBUG:root:-----------------------------------------------------------------------------------
DEBUG:root:Found Arc p14544910 <model.ArcItem.ArcItem object at 0x7f2370a76ca8> t14544911 8 18 
DEBUG:root:-------Create----Arc----------------------------a----------
DEBUG:root:editor <gui.DiagramEditor.DiagramEditor object at 0x7f2370a4d8b8> Start Pos: PyQt4.QtCore.QPointF(-424.73828125, -102.1875) End Pos: PyQt4.QtCore.QPointF(-423.89453125, -14.1875) Source t14544911 Destination p14544912
DEBUG:root:is a Port Connection False Variable None Expression None
DEBUG:root:-----------------------------------------------------------------------------------
DEBUG:root:Found Arc t14544911 <model.ArcItem.ArcItem object at 0x7f2370a83048> p14544912 13 2 
DEBUG:root:-------Create----Arc----------------------------a----------
DEBUG:root:editor <gui.DiagramEditor.DiagramEditor object at 0x7f2370a4d8b8> Start Pos: PyQt4.QtCore.QPointF(-400.03515625, 8.3125) End Pos: PyQt4.QtCore.QPointF(-253.41796875, 8.5625) Source p14544912 Destination t14544913
DEBUG:root:is a Port Connection False Variable None Expression None
DEBUG:root:-----------------------------------------------------------------------------------
DEBUG:root:Found Arc p14544912 <model.ArcItem.ArcItem object at 0x7f2370a833a8> t14544913 8 17 
DEBUG:root:-------Create----Arc----------------------------a----------
DEBUG:root:editor <gui.DiagramEditor.DiagramEditor object at 0x7f2370a4d8b8> Start Pos: PyQt4.QtCore.QPointF(-410.62890625, -102.1875) End Pos: PyQt4.QtCore.QPointF(-308.95703125, -102.625) Source t14544911 Destination p14544914
DEBUG:root:is a Port Connection False Variable None Expression None
DEBUG:root:-----------------------------------------------------------------------------------
DEBUG:root:Found Arc t14544911 <model.ArcItem.ArcItem object at 0x7f2370a83708> p14544914 11 2 
DEBUG:root:-------Create----Arc----------------------------a----------
DEBUG:root:editor <gui.DiagramEditor.DiagramEditor object at 0x7f2370a4d8b8> Start Pos: PyQt4.QtCore.QPointF(-285.09765625, -80.125) End Pos: PyQt4.QtCore.QPointF(-239.30859375, -13.9375) Source p14544914 Destination t14544913
DEBUG:root:is a Port Connection False Variable None Expression None
DEBUG:root:-----------------------------------------------------------------------------------
DEBUG:root:Found Arc p14544914 <model.ArcItem.ArcItem object at 0x7f2370a83a68> t14544913 8 2 
DEBUG:root:-------Create----Arc----------------------------b----------
DEBUG:root:editor <gui.DiagramEditor.DiagramEditor object at 0x7f2370a4d8b8> Start Pos: PyQt4.QtCore.QPointF(-217.38671875, 8.5625) End Pos: PyQt4.QtCore.QPointF(-82.41015625, 9.875) Source t14544913 Destination p14544915
DEBUG:root:is a Port Connection False Variable None Expression None
DEBUG:root:-----------------------------------------------------------------------------------
DEBUG:root:Found Arc t14544913 <model.ArcItem.ArcItem object at 0x7f2370a83dc8> p14544915 8 18 
DEBUG:root:-------Create----Place-------------------p14544910---------p1----------
DEBUG:root:editor <gui.DiagramEditor.DiagramEditor object at 0x7f2370a4d8b8> position PyQt4.QtCore.QPointF(-535.3125, -188.9375) initMarking deque(['abc'])
DEBUG:root:port None loadFromFile True portDirection None portClone None superNet None subnet None
DEBUG:root:-----------------------------------------------------------------------------------
DEBUG:root:-------Create----Place-------------------p14544912---------p2----------
DEBUG:root:editor <gui.DiagramEditor.DiagramEditor object at 0x7f2370a4d8b8> position PyQt4.QtCore.QPointF(-441.5, -16.9375) initMarking deque([])
DEBUG:root:port None loadFromFile True portDirection None portClone None superNet None subnet None
DEBUG:root:-----------------------------------------------------------------------------------
DEBUG:root:-------Create----Place-------------------p14544914---------p3----------
DEBUG:root:editor <gui.DiagramEditor.DiagramEditor object at 0x7f2370a4d8b8> position PyQt4.QtCore.QPointF(-326.5625, -105.375) initMarking deque([])
DEBUG:root:port None loadFromFile True portDirection None portClone None superNet None subnet None
DEBUG:root:-----------------------------------------------------------------------------------
DEBUG:root:-------Create----Place-------------------p14544915---------p4----------
DEBUG:root:editor <gui.DiagramEditor.DiagramEditor object at 0x7f2370a4d8b8> position PyQt4.QtCore.QPointF(-84.9375, -7.875) initMarking deque([])
DEBUG:root:port None loadFromFile True portDirection None portClone None superNet None subnet None
DEBUG:root:-----------------------------------------------------------------------------------
DEBUG:root:-------Create----Transition-------------------t14544911---------t1----------
DEBUG:root:editor <gui.DiagramEditor.DiagramEditor object at 0x7f2370a4d8b8> position PyQt4.QtCore.QPointF(-442.375, -143.4375) Guard Expression True
DEBUG:root:loadFromFile True substitution Transition False subnet None
DEBUG:root:-----------------------------------------------------------------------------------
DEBUG:root:-------Create----Transition-------------------t14544913---------t2----------
DEBUG:root:editor <gui.DiagramEditor.DiagramEditor object at 0x7f2370a4d8b8> position PyQt4.QtCore.QPointF(-256.1875, -16.6875) Guard Expression True
DEBUG:root:loadFromFile True substitution Transition False subnet None
DEBUG:root:-----------------------------------------------------------------------------------
DEBUG:root:[Place('p14544915', MultiSet([]), tAll), Place('p14544912', MultiSet([]), tAll), Place('p14544910', MultiSet(['abc']), tAll), Place('p14544914', MultiSet([]), tAll)]
DEBUG:root:[Transition('t14544911', Expression('True')), Transition('t14544913', Expression('True'))]
DEBUG:root:['p14544910', 't14544911', 'a', '8', '18']
DEBUG:root:['t14544911', 'p14544912', 'a', '13', '2']
DEBUG:root:['p14544912', 't14544913', 'a', '8', '17']
DEBUG:root:['t14544911', 'p14544914', 'a', '11', '2']
DEBUG:root:['p14544914', 't14544913', 'a', '8', '2']
DEBUG:root:['t14544913', 'p14544915', 'a if b==a else None', '8', '18']
DEBUG:root:-------Create----Arc----------------------------a----------
DEBUG:root:editor <gui.DiagramEditor.DiagramEditor object at 0x7f2370a4d8b8> Start Pos: PyQt4.QtCore.QPointF(-493.84765625, -163.6875) End Pos: PyQt4.QtCore.QPointF(-439.60546875, -125.6875) Source p14544910 Destination t14544911
DEBUG:root:is a Port Connection False Variable None Expression None
DEBUG:root:-----------------------------------------------------------------------------------
DEBUG:root:Found Arc p14544910 <model.ArcItem.ArcItem object at 0x7f2370a76798> t14544911 8 18 
DEBUG:root:-------Create----Arc----------------------------a----------
DEBUG:root:editor <gui.DiagramEditor.DiagramEditor object at 0x7f2370a4d8b8> Start Pos: PyQt4.QtCore.QPointF(-424.73828125, -102.1875) End Pos: PyQt4.QtCore.QPointF(-423.89453125, -14.1875) Source t14544911 Destination p14544912
DEBUG:root:is a Port Connection False Variable None Expression None
DEBUG:root:-----------------------------------------------------------------------------------
DEBUG:root:Found Arc t14544911 <model.ArcItem.ArcItem object at 0x7f2370a763a8> p14544912 13 2 
DEBUG:root:-------Create----Arc----------------------------a----------
DEBUG:root:editor <gui.DiagramEditor.DiagramEditor object at 0x7f2370a4d8b8> Start Pos: PyQt4.QtCore.QPointF(-400.03515625, 8.3125) End Pos: PyQt4.QtCore.QPointF(-253.41796875, 8.5625) Source p14544912 Destination t14544913
DEBUG:root:is a Port Connection False Variable None Expression None
DEBUG:root:-----------------------------------------------------------------------------------
DEBUG:root:Found Arc p14544912 <model.ArcItem.ArcItem object at 0x7f2370a539d8> t14544913 8 17 
DEBUG:root:-------Create----Arc----------------------------a----------
DEBUG:root:editor <gui.DiagramEditor.DiagramEditor object at 0x7f2370a4d8b8> Start Pos: PyQt4.QtCore.QPointF(-410.62890625, -102.1875) End Pos: PyQt4.QtCore.QPointF(-308.95703125, -102.625) Source t14544911 Destination p14544914
DEBUG:root:is a Port Connection False Variable None Expression None
DEBUG:root:-----------------------------------------------------------------------------------
DEBUG:root:Found Arc t14544911 <model.ArcItem.ArcItem object at 0x7f2370a53d38> p14544914 11 2 
DEBUG:root:-------Create----Arc----------------------------a----------
DEBUG:root:editor <gui.DiagramEditor.DiagramEditor object at 0x7f2370a4d8b8> Start Pos: PyQt4.QtCore.QPointF(-285.09765625, -80.125) End Pos: PyQt4.QtCore.QPointF(-239.30859375, -13.9375) Source p14544914 Destination t14544913
DEBUG:root:is a Port Connection False Variable None Expression None
DEBUG:root:-----------------------------------------------------------------------------------
DEBUG:root:Found Arc p14544914 <model.ArcItem.ArcItem object at 0x7f2370a53af8> t14544913 8 2 
DEBUG:root:-------Create----Arc----------------------------a if b==a else None----------
DEBUG:root:editor <gui.DiagramEditor.DiagramEditor object at 0x7f2370a4d8b8> Start Pos: PyQt4.QtCore.QPointF(-217.38671875, 8.5625) End Pos: PyQt4.QtCore.QPointF(-82.41015625, 9.875) Source t14544913 Destination p14544915
DEBUG:root:is a Port Connection False Variable None Expression None
DEBUG:root:-----------------------------------------------------------------------------------
DEBUG:root:Found Arc t14544913 <model.ArcItem.ArcItem object at 0x7f2370a53948> p14544915 8 18 
DEBUG:root:-------Create----Place-------------------p14544910---------p1----------
DEBUG:root:editor <gui.DiagramEditor.DiagramEditor object at 0x7f2370a4d8b8> position PyQt4.QtCore.QPointF(-606.0, -229.0) initMarking deque(['1 24 65 11 f6 cd 55 ac 9e 17 4e 7e 41 08 00 45 00 00 54 33 a0 40 00 40 01 51 ed c0 a8 bc 43 52 a5 e5 8a 08 00 b4 9d 18 3b 00 01 ae 98 31 57 00 00 00 00 86 63 06 00 00 00 00 00 10 11 12 13 14 15 16 17 18 19 1a 1b 1c 1d 1e 1f 20 21 22 23 24 25 26 27 28 29 2a 2b 2c 2d 2e 2f 30 31 32 33 34 35 36 37'])
DEBUG:root:port None loadFromFile True portDirection None portClone None superNet None subnet None
DEBUG:root:-----------------------------------------------------------------------------------
DEBUG:root:-------Create----Place-------------------p14544912---------p2----------
DEBUG:root:editor <gui.DiagramEditor.DiagramEditor object at 0x7f2370a4d8b8> position PyQt4.QtCore.QPointF(-577.0, 69.0) initMarking deque([])
DEBUG:root:port None loadFromFile True portDirection None portClone None superNet None subnet None
DEBUG:root:-----------------------------------------------------------------------------------
DEBUG:root:-------Create----Transition-------------------t14544911---------t1----------
DEBUG:root:editor <gui.DiagramEditor.DiagramEditor object at 0x7f2370a4d8b8> position PyQt4.QtCore.QPointF(-286.0, -86.0) Guard Expression True
DEBUG:root:loadFromFile True substitution Transition False subnet None
DEBUG:root:-----------------------------------------------------------------------------------
DEBUG:root:[Place('p14544912', MultiSet([]), tAll), Place('p14544910', MultiSet(['1 24 65 11 f6 cd 55 ac 9e 17 4e 7e 41 08 00 45 00 00 54 33 a0 40 00 40 01 51 ed c0 a8 bc 43 52 a5 e5 8a 08 00 b4 9d 18 3b 00 01 ae 98 31 57 00 00 00 00 86 63 06 00 00 00 00 00 10 11 12 13 14 15 16 17 18 19 1a 1b 1c 1d 1e 1f 20 21 22 23 24 25 26 27 28 29 2a 2b 2c 2d 2e 2f 30 31 32 33 34 35 36 37']), tAll)]
DEBUG:root:[Transition('t14544911', Expression('True'))]
DEBUG:root:['p14544910', 't14544911', 'a', '10', '0']
DEBUG:root:['t14544911', 'p14544912', 'a', '15', '5']
DEBUG:root:-------Create----Arc----------------------------a----------
DEBUG:root:editor <gui.DiagramEditor.DiagramEditor object at 0x7f2370a4d8b8> Start Pos: PyQt4.QtCore.QPointF(-564.53515625, -187.75) End Pos: PyQt4.QtCore.QPointF(-283.23046875, -83.25) Source p14544910 Destination t14544911
DEBUG:root:is a Port Connection False Variable None Expression None
DEBUG:root:-----------------------------------------------------------------------------------
DEBUG:root:Found Arc p14544910 <model.ArcItem.ArcItem object at 0x7f2370a6a558> t14544911 10 0 
DEBUG:root:-------Create----Arc----------------------------a----------
DEBUG:root:editor <gui.DiagramEditor.DiagramEditor object at 0x7f2370a4d8b8> Start Pos: PyQt4.QtCore.QPointF(-282.47265625, -44.75) End Pos: PyQt4.QtCore.QPointF(-536.77734375, 71.75) Source t14544911 Destination p14544912
DEBUG:root:is a Port Connection False Variable None Expression None
DEBUG:root:-----------------------------------------------------------------------------------
DEBUG:root:Found Arc t14544911 <model.ArcItem.ArcItem object at 0x7f2370a6a8b8> p14544912 15 5 
DEBUG:root:-------Create----Place-------------------p14544910---------p1----------
DEBUG:root:editor <gui.DiagramEditor.DiagramEditor object at 0x7f2370a4d8b8> position PyQt4.QtCore.QPointF(-606.0, -229.0) initMarking deque(['1 24 65 11 f6 cd 55 ac 9e 17 4e 7e 41 08 00 45 00 00 54 33 a0 40 00 40 01 51 ed c0 a8 bc 43 52 a5 e5 8a 08 00 b4 9d 18 3b 00 01 ae 98 31 57 00 00 00 00 86 63 06 00 00 00 00 00 10 11 12 13 14 15 16 17 18 19 1a 1b 1c 1d 1e 1f 20 21 22 23 24 25 26 27 28 29 2a 2b 2c 2d 2e 2f 30 31 32 33 34 35 36 37'])
DEBUG:root:port None loadFromFile True portDirection None portClone None superNet None subnet None
DEBUG:root:-----------------------------------------------------------------------------------
DEBUG:root:-------Create----Place-------------------p14544912---------p2----------
DEBUG:root:editor <gui.DiagramEditor.DiagramEditor object at 0x7f2370a4d8b8> position PyQt4.QtCore.QPointF(-577.0, 69.0) initMarking deque([])
DEBUG:root:port None loadFromFile True portDirection None portClone None superNet None subnet None
DEBUG:root:-----------------------------------------------------------------------------------
DEBUG:root:-------Create----Place-------------------p14544914---------p3----------
DEBUG:root:editor <gui.DiagramEditor.DiagramEditor object at 0x7f2370a4d8b8> position PyQt4.QtCore.QPointF(65.8125, 82.125) initMarking deque([])
DEBUG:root:port None loadFromFile True portDirection None portClone None superNet None subnet None
DEBUG:root:-----------------------------------------------------------------------------------
DEBUG:root:-------Create----Transition-------------------t14544911---------t1----------
DEBUG:root:editor <gui.DiagramEditor.DiagramEditor object at 0x7f2370a4d8b8> position PyQt4.QtCore.QPointF(-286.0, -86.0) Guard Expression True
DEBUG:root:loadFromFile True substitution Transition False subnet None
DEBUG:root:-----------------------------------------------------------------------------------
DEBUG:root:[Place('p14544912', MultiSet([]), tAll), Place('p14544910', MultiSet(['1 24 65 11 f6 cd 55 ac 9e 17 4e 7e 41 08 00 45 00 00 54 33 a0 40 00 40 01 51 ed c0 a8 bc 43 52 a5 e5 8a 08 00 b4 9d 18 3b 00 01 ae 98 31 57 00 00 00 00 86 63 06 00 00 00 00 00 10 11 12 13 14 15 16 17 18 19 1a 1b 1c 1d 1e 1f 20 21 22 23 24 25 26 27 28 29 2a 2b 2c 2d 2e 2f 30 31 32 33 34 35 36 37']), tAll), Place('p14544914', MultiSet([]), tAll)]
DEBUG:root:[Transition('t14544911', Expression('True'))]
DEBUG:root:['p14544910', 't14544911', 'a', '10', '0']
DEBUG:root:['t14544911', 'p14544912', '" ".join(str(a).split(" ")[27:31])', '15', '5']
DEBUG:root:['t14544911', 'p14544914', 'str(a).replace(" ".join( str(a).split(" ")[27:31] ) , " ".join( str(a).split(" ")[31:35] ) )', '10', '0']
DEBUG:root:-------Create----Arc----------------------------a----------
DEBUG:root:editor <gui.DiagramEditor.DiagramEditor object at 0x7f2370a4d8b8> Start Pos: PyQt4.QtCore.QPointF(-564.53515625, -187.75) End Pos: PyQt4.QtCore.QPointF(-283.23046875, -83.25) Source p14544910 Destination t14544911
DEBUG:root:is a Port Connection False Variable None Expression None
DEBUG:root:-----------------------------------------------------------------------------------
DEBUG:root:Found Arc p14544910 <model.ArcItem.ArcItem object at 0x7f2370a664c8> t14544911 10 0 
DEBUG:root:-------Create----Arc----------------------------" ".join(str(a).split(" ")[27:31])----------
DEBUG:root:editor <gui.DiagramEditor.DiagramEditor object at 0x7f2370a4d8b8> Start Pos: PyQt4.QtCore.QPointF(-282.47265625, -44.75) End Pos: PyQt4.QtCore.QPointF(-536.77734375, 71.75) Source t14544911 Destination p14544912
DEBUG:root:is a Port Connection False Variable None Expression None
DEBUG:root:-----------------------------------------------------------------------------------
DEBUG:root:Found Arc t14544911 <model.ArcItem.ArcItem object at 0x7f2370a66438> p14544912 15 5 
DEBUG:root:-------Create----Arc----------------------------str(a).replace(" ".join( str(a).split(" ")[27:31] ) , " ".join( str(a).split(" ")[31:35] ) )----------
DEBUG:root:editor <gui.DiagramEditor.DiagramEditor object at 0x7f2370a4d8b8> Start Pos: PyQt4.QtCore.QPointF(-247.19921875, -44.75) End Pos: PyQt4.QtCore.QPointF(68.33984375, 84.875) Source t14544911 Destination p14544914
DEBUG:root:is a Port Connection False Variable None Expression None
DEBUG:root:-----------------------------------------------------------------------------------
DEBUG:root:Found Arc t14544911 <model.ArcItem.ArcItem object at 0x7f2370a665e8> p14544914 10 0 
DEBUG:root:-------Create----Place-------------------p14544910---------p1----------
DEBUG:root:editor <gui.DiagramEditor.DiagramEditor object at 0x7f2370a4d8b8> position PyQt4.QtCore.QPointF(-535.3125, -188.9375) initMarking deque(['abc'])
DEBUG:root:port None loadFromFile True portDirection None portClone None superNet None subnet None
DEBUG:root:-----------------------------------------------------------------------------------
DEBUG:root:-------Create----Place-------------------p14544912---------p2----------
DEBUG:root:editor <gui.DiagramEditor.DiagramEditor object at 0x7f2370a4d8b8> position PyQt4.QtCore.QPointF(-441.5, -16.9375) initMarking deque([])
DEBUG:root:port None loadFromFile True portDirection None portClone None superNet None subnet None
DEBUG:root:-----------------------------------------------------------------------------------
DEBUG:root:-------Create----Place-------------------p14544914---------p3----------
DEBUG:root:editor <gui.DiagramEditor.DiagramEditor object at 0x7f2370a4d8b8> position PyQt4.QtCore.QPointF(-326.5625, -105.375) initMarking deque([])
DEBUG:root:port None loadFromFile True portDirection None portClone None superNet None subnet None
DEBUG:root:-----------------------------------------------------------------------------------
DEBUG:root:-------Create----Place-------------------p14544915---------p4----------
DEBUG:root:editor <gui.DiagramEditor.DiagramEditor object at 0x7f2370a4d8b8> position PyQt4.QtCore.QPointF(-84.9375, -7.875) initMarking deque([])
DEBUG:root:port None loadFromFile True portDirection None portClone None superNet None subnet None
DEBUG:root:-----------------------------------------------------------------------------------
DEBUG:root:-------Create----Transition-------------------t14544911---------t1----------
DEBUG:root:editor <gui.DiagramEditor.DiagramEditor object at 0x7f2370a4d8b8> position PyQt4.QtCore.QPointF(-442.375, -143.4375) Guard Expression True
DEBUG:root:loadFromFile True substitution Transition False subnet None
DEBUG:root:-----------------------------------------------------------------------------------
DEBUG:root:-------Create----Transition-------------------t14544913---------t2----------
DEBUG:root:editor <gui.DiagramEditor.DiagramEditor object at 0x7f2370a4d8b8> position PyQt4.QtCore.QPointF(-256.1875, -16.6875) Guard Expression True
DEBUG:root:loadFromFile True substitution Transition False subnet None
DEBUG:root:-----------------------------------------------------------------------------------
DEBUG:root:[Place('p14544915', MultiSet([]), tAll), Place('p14544912', MultiSet([]), tAll), Place('p14544910', MultiSet(['abc']), tAll), Place('p14544914', MultiSet([]), tAll)]
DEBUG:root:[Transition('t14544911', Expression('True')), Transition('t14544913', Expression('True'))]
DEBUG:root:['p14544910', 't14544911', 'a', '8', '18']
DEBUG:root:['t14544911', 'p14544912', 'a', '13', '2']
DEBUG:root:['p14544912', 't14544913', 'a', '8', '17']
DEBUG:root:['t14544911', 'p14544914', 'a', '11', '2']
DEBUG:root:['p14544914', 't14544913', 'a', '8', '2']
DEBUG:root:['t14544913', 'p14544915', 'a if b==a else None', '8', '18']
DEBUG:root:-------Create----Arc----------------------------a----------
DEBUG:root:editor <gui.DiagramEditor.DiagramEditor object at 0x7f2370a4d8b8> Start Pos: PyQt4.QtCore.QPointF(-493.84765625, -163.6875) End Pos: PyQt4.QtCore.QPointF(-439.60546875, -125.6875) Source p14544910 Destination t14544911
DEBUG:root:is a Port Connection False Variable None Expression None
DEBUG:root:-----------------------------------------------------------------------------------
DEBUG:root:Found Arc p14544910 <model.ArcItem.ArcItem object at 0x7f236f8c13a8> t14544911 8 18 
DEBUG:root:-------Create----Arc----------------------------a----------
DEBUG:root:editor <gui.DiagramEditor.DiagramEditor object at 0x7f2370a4d8b8> Start Pos: PyQt4.QtCore.QPointF(-424.73828125, -102.1875) End Pos: PyQt4.QtCore.QPointF(-423.89453125, -14.1875) Source t14544911 Destination p14544912
DEBUG:root:is a Port Connection False Variable None Expression None
DEBUG:root:-----------------------------------------------------------------------------------
DEBUG:root:Found Arc t14544911 <model.ArcItem.ArcItem object at 0x7f236f8c1708> p14544912 13 2 
DEBUG:root:-------Create----Arc----------------------------a----------
DEBUG:root:editor <gui.DiagramEditor.DiagramEditor object at 0x7f2370a4d8b8> Start Pos: PyQt4.QtCore.QPointF(-400.03515625, 8.3125) End Pos: PyQt4.QtCore.QPointF(-253.41796875, 8.5625) Source p14544912 Destination t14544913
DEBUG:root:is a Port Connection False Variable None Expression None
DEBUG:root:-----------------------------------------------------------------------------------
DEBUG:root:Found Arc p14544912 <model.ArcItem.ArcItem object at 0x7f236f8c1a68> t14544913 8 17 
DEBUG:root:-------Create----Arc----------------------------a----------
DEBUG:root:editor <gui.DiagramEditor.DiagramEditor object at 0x7f2370a4d8b8> Start Pos: PyQt4.QtCore.QPointF(-410.62890625, -102.1875) End Pos: PyQt4.QtCore.QPointF(-308.95703125, -102.625) Source t14544911 Destination p14544914
DEBUG:root:is a Port Connection False Variable None Expression None
DEBUG:root:-----------------------------------------------------------------------------------
DEBUG:root:Found Arc t14544911 <model.ArcItem.ArcItem object at 0x7f236f8c1dc8> p14544914 11 2 
DEBUG:root:-------Create----Arc----------------------------a----------
DEBUG:root:editor <gui.DiagramEditor.DiagramEditor object at 0x7f2370a4d8b8> Start Pos: PyQt4.QtCore.QPointF(-285.09765625, -80.125) End Pos: PyQt4.QtCore.QPointF(-239.30859375, -13.9375) Source p14544914 Destination t14544913
DEBUG:root:is a Port Connection False Variable None Expression None
DEBUG:root:-----------------------------------------------------------------------------------
DEBUG:root:Found Arc p14544914 <model.ArcItem.ArcItem object at 0x7f236f8c4168> t14544913 8 2 
DEBUG:root:-------Create----Arc----------------------------a if b==a else None----------
DEBUG:root:editor <gui.DiagramEditor.DiagramEditor object at 0x7f2370a4d8b8> Start Pos: PyQt4.QtCore.QPointF(-217.38671875, 8.5625) End Pos: PyQt4.QtCore.QPointF(-82.41015625, 9.875) Source t14544913 Destination p14544915
DEBUG:root:is a Port Connection False Variable None Expression None
DEBUG:root:-----------------------------------------------------------------------------------
DEBUG:root:Found Arc t14544913 <model.ArcItem.ArcItem object at 0x7f236f8c44c8> p14544915 8 18 
DEBUG:root:-------Create----Place-------------------p14544910---------p1----------
DEBUG:root:editor <gui.DiagramEditor.DiagramEditor object at 0x7f2370a4d8b8> position PyQt4.QtCore.QPointF(-535.3125, -188.9375) initMarking deque(['abc'])
DEBUG:root:port None loadFromFile True portDirection None portClone None superNet None subnet None
DEBUG:root:-----------------------------------------------------------------------------------
DEBUG:root:-------Create----Place-------------------p14544912---------p2----------
DEBUG:root:editor <gui.DiagramEditor.DiagramEditor object at 0x7f2370a4d8b8> position PyQt4.QtCore.QPointF(-441.5, -16.9375) initMarking deque([])
DEBUG:root:port None loadFromFile True portDirection None portClone None superNet None subnet None
DEBUG:root:-----------------------------------------------------------------------------------
DEBUG:root:-------Create----Place-------------------p14544914---------p3----------
DEBUG:root:editor <gui.DiagramEditor.DiagramEditor object at 0x7f2370a4d8b8> position PyQt4.QtCore.QPointF(-326.5625, -105.375) initMarking deque([])
DEBUG:root:port None loadFromFile True portDirection None portClone None superNet None subnet None
DEBUG:root:-----------------------------------------------------------------------------------
DEBUG:root:-------Create----Place-------------------p14544915---------p4----------
DEBUG:root:editor <gui.DiagramEditor.DiagramEditor object at 0x7f2370a4d8b8> position PyQt4.QtCore.QPointF(-84.9375, -7.875) initMarking deque([])
DEBUG:root:port None loadFromFile True portDirection None portClone None superNet None subnet None
DEBUG:root:-----------------------------------------------------------------------------------
DEBUG:root:-------Create----Transition-------------------t14544911---------t1----------
DEBUG:root:editor <gui.DiagramEditor.DiagramEditor object at 0x7f2370a4d8b8> position PyQt4.QtCore.QPointF(-442.375, -143.4375) Guard Expression True
DEBUG:root:loadFromFile True substitution Transition False subnet None
DEBUG:root:-----------------------------------------------------------------------------------
DEBUG:root:-------Create----Transition-------------------t14544913---------t2----------
DEBUG:root:editor <gui.DiagramEditor.DiagramEditor object at 0x7f2370a4d8b8> position PyQt4.QtCore.QPointF(-256.1875, -16.6875) Guard Expression True
DEBUG:root:loadFromFile True substitution Transition False subnet None
DEBUG:root:-----------------------------------------------------------------------------------
DEBUG:root:[Place('p14544915', MultiSet([]), tAll), Place('p14544912', MultiSet([]), tAll), Place('p14544910', MultiSet(['abc']), tAll), Place('p14544914', MultiSet([]), tAll)]
DEBUG:root:[Transition('t14544911', Expression('True')), Transition('t14544913', Expression('True'))]
DEBUG:root:['p14544910', 't14544911', 'a', '8', '18']
DEBUG:root:['t14544911', 'p14544912', 'a', '13', '2']
DEBUG:root:['p14544912', 't14544913', 'a', '8', '17']
DEBUG:root:['t14544911', 'p14544914', 'a', '11', '2']
DEBUG:root:['p14544914', 't14544913', 'a', '8', '2']
DEBUG:root:['t14544913', 'p14544915', 'b', '8', '18']
DEBUG:root:-------Create----Arc----------------------------a----------
DEBUG:root:editor <gui.DiagramEditor.DiagramEditor object at 0x7f2370a4d8b8> Start Pos: PyQt4.QtCore.QPointF(-493.84765625, -163.6875) End Pos: PyQt4.QtCore.QPointF(-439.60546875, -125.6875) Source p14544910 Destination t14544911
DEBUG:root:is a Port Connection False Variable None Expression None
DEBUG:root:-----------------------------------------------------------------------------------
DEBUG:root:Found Arc p14544910 <model.ArcItem.ArcItem object at 0x7f236f8d6798> t14544911 8 18 
DEBUG:root:-------Create----Arc----------------------------a----------
DEBUG:root:editor <gui.DiagramEditor.DiagramEditor object at 0x7f2370a4d8b8> Start Pos: PyQt4.QtCore.QPointF(-424.73828125, -102.1875) End Pos: PyQt4.QtCore.QPointF(-423.89453125, -14.1875) Source t14544911 Destination p14544912
DEBUG:root:is a Port Connection False Variable None Expression None
DEBUG:root:-----------------------------------------------------------------------------------
DEBUG:root:Found Arc t14544911 <model.ArcItem.ArcItem object at 0x7f236f8d6af8> p14544912 13 2 
DEBUG:root:-------Create----Arc----------------------------a----------
DEBUG:root:editor <gui.DiagramEditor.DiagramEditor object at 0x7f2370a4d8b8> Start Pos: PyQt4.QtCore.QPointF(-400.03515625, 8.3125) End Pos: PyQt4.QtCore.QPointF(-253.41796875, 8.5625) Source p14544912 Destination t14544913
DEBUG:root:is a Port Connection False Variable None Expression None
DEBUG:root:-----------------------------------------------------------------------------------
DEBUG:root:Found Arc p14544912 <model.ArcItem.ArcItem object at 0x7f236f8d6e58> t14544913 8 17 
DEBUG:root:-------Create----Arc----------------------------a----------
DEBUG:root:editor <gui.DiagramEditor.DiagramEditor object at 0x7f2370a4d8b8> Start Pos: PyQt4.QtCore.QPointF(-410.62890625, -102.1875) End Pos: PyQt4.QtCore.QPointF(-308.95703125, -102.625) Source t14544911 Destination p14544914
DEBUG:root:is a Port Connection False Variable None Expression None
DEBUG:root:-----------------------------------------------------------------------------------
DEBUG:root:Found Arc t14544911 <model.ArcItem.ArcItem object at 0x7f236f8d81f8> p14544914 11 2 
DEBUG:root:-------Create----Arc----------------------------a----------
DEBUG:root:editor <gui.DiagramEditor.DiagramEditor object at 0x7f2370a4d8b8> Start Pos: PyQt4.QtCore.QPointF(-285.09765625, -80.125) End Pos: PyQt4.QtCore.QPointF(-239.30859375, -13.9375) Source p14544914 Destination t14544913
DEBUG:root:is a Port Connection False Variable None Expression None
DEBUG:root:-----------------------------------------------------------------------------------
DEBUG:root:Found Arc p14544914 <model.ArcItem.ArcItem object at 0x7f236f8d8558> t14544913 8 2 
DEBUG:root:-------Create----Arc----------------------------b----------
DEBUG:root:editor <gui.DiagramEditor.DiagramEditor object at 0x7f2370a4d8b8> Start Pos: PyQt4.QtCore.QPointF(-217.38671875, 8.5625) End Pos: PyQt4.QtCore.QPointF(-82.41015625, 9.875) Source t14544913 Destination p14544915
DEBUG:root:is a Port Connection False Variable None Expression None
DEBUG:root:-----------------------------------------------------------------------------------
DEBUG:root:Found Arc t14544913 <model.ArcItem.ArcItem object at 0x7f236f8d88b8> p14544915 8 18 
