DEBUG:PyQt4.uic.uiparser:UI version is 4.0
DEBUG:PyQt4.uic.uiparser:uiname is MainWindow
DEBUG:PyQt4.uic.uiparser:toplevel widget is MainWindow
DEBUG:PyQt4.uic.properties:setting property geometry
DEBUG:PyQt4.uic.properties:setting property windowTitle
DEBUG:PyQt4.uic.uiparser:push MainWindow MainWindow
DEBUG:PyQt4.uic.properties:setting property minimumSize
DEBUG:PyQt4.uic.properties:setting property maximumSize
DEBUG:PyQt4.uic.uiparser:push QWidget centralwidget
DEBUG:PyQt4.uic.properties:setting property geometry
DEBUG:PyQt4.uic.uiparser:push QWidget verticalLayoutWidget
DEBUG:PyQt4.uic.properties:setting property margin
DEBUG:PyQt4.uic.uiparser:push QVBoxLayout verticalLayout
DEBUG:PyQt4.uic.properties:setting property sizeConstraint
DEBUG:PyQt4.uic.uiparser:push QHBoxLayout horizontalLayout_2
DEBUG:PyQt4.uic.properties:setting property minimumSize
DEBUG:PyQt4.uic.properties:setting property maximumSize
DEBUG:PyQt4.uic.properties:setting property text
DEBUG:PyQt4.uic.uiparser:push QRadioButton radioButton
DEBUG:PyQt4.uic.uiparser:pop widget QRadioButton radioButton
DEBUG:PyQt4.uic.uiparser:new topwidget <PyQt4.QtGui.QWidget object at 0x7f082c0cfaf8>
DEBUG:PyQt4.uic.properties:setting property minimumSize
DEBUG:PyQt4.uic.properties:setting property maximumSize
DEBUG:PyQt4.uic.properties:setting property text
DEBUG:PyQt4.uic.uiparser:push QRadioButton radioButton_2
DEBUG:PyQt4.uic.uiparser:pop widget QRadioButton radioButton_2
DEBUG:PyQt4.uic.uiparser:new topwidget <PyQt4.QtGui.QWidget object at 0x7f082c0cfaf8>
DEBUG:PyQt4.uic.properties:setting property minimumSize
DEBUG:PyQt4.uic.properties:setting property maximumSize
DEBUG:PyQt4.uic.properties:setting property text
DEBUG:PyQt4.uic.uiparser:push QRadioButton radioButton_3
DEBUG:PyQt4.uic.uiparser:pop widget QRadioButton radioButton_3
DEBUG:PyQt4.uic.uiparser:new topwidget <PyQt4.QtGui.QWidget object at 0x7f082c0cfaf8>
DEBUG:PyQt4.uic.properties:setting property minimumSize
DEBUG:PyQt4.uic.properties:setting property maximumSize
DEBUG:PyQt4.uic.uiparser:push QLineEdit lineEdit
DEBUG:PyQt4.uic.uiparser:pop widget QLineEdit lineEdit
DEBUG:PyQt4.uic.uiparser:new topwidget <PyQt4.QtGui.QWidget object at 0x7f082c0cfaf8>
DEBUG:PyQt4.uic.properties:setting property minimumSize
DEBUG:PyQt4.uic.properties:setting property maximumSize
DEBUG:PyQt4.uic.uiparser:push QLineEdit lineEdit_2
DEBUG:PyQt4.uic.uiparser:pop widget QLineEdit lineEdit_2
DEBUG:PyQt4.uic.uiparser:new topwidget <PyQt4.QtGui.QWidget object at 0x7f082c0cfaf8>
DEBUG:PyQt4.uic.uiparser:pop layout QHBoxLayout horizontalLayout_2
DEBUG:PyQt4.uic.uiparser:push QHBoxLayout horizontalLayout
DEBUG:PyQt4.uic.properties:setting property minimumSize
DEBUG:PyQt4.uic.properties:setting property maximumSize
DEBUG:PyQt4.uic.properties:setting property text
DEBUG:PyQt4.uic.uiparser:push QPushButton pushButton
DEBUG:PyQt4.uic.uiparser:pop widget QPushButton pushButton
DEBUG:PyQt4.uic.uiparser:new topwidget <PyQt4.QtGui.QWidget object at 0x7f082c0cfaf8>
DEBUG:PyQt4.uic.properties:setting property minimumSize
DEBUG:PyQt4.uic.properties:setting property maximumSize
DEBUG:PyQt4.uic.properties:setting property text
DEBUG:PyQt4.uic.uiparser:push QPushButton pushButton_2
DEBUG:PyQt4.uic.uiparser:pop widget QPushButton pushButton_2
DEBUG:PyQt4.uic.uiparser:new topwidget <PyQt4.QtGui.QWidget object at 0x7f082c0cfaf8>
DEBUG:PyQt4.uic.properties:setting property minimumSize
DEBUG:PyQt4.uic.properties:setting property maximumSize
DEBUG:PyQt4.uic.properties:setting property text
DEBUG:PyQt4.uic.uiparser:push QPushButton pushButton_7
DEBUG:PyQt4.uic.uiparser:pop widget QPushButton pushButton_7
DEBUG:PyQt4.uic.uiparser:new topwidget <PyQt4.QtGui.QWidget object at 0x7f082c0cfaf8>
DEBUG:PyQt4.uic.properties:setting property minimumSize
DEBUG:PyQt4.uic.properties:setting property maximumSize
DEBUG:PyQt4.uic.properties:setting property text
DEBUG:PyQt4.uic.uiparser:push QPushButton pushButton_3
DEBUG:PyQt4.uic.uiparser:pop widget QPushButton pushButton_3
DEBUG:PyQt4.uic.uiparser:new topwidget <PyQt4.QtGui.QWidget object at 0x7f082c0cfaf8>
DEBUG:PyQt4.uic.properties:setting property minimumSize
DEBUG:PyQt4.uic.properties:setting property maximumSize
DEBUG:PyQt4.uic.properties:setting property text
DEBUG:PyQt4.uic.uiparser:push QPushButton pushButton_4
DEBUG:PyQt4.uic.uiparser:pop widget QPushButton pushButton_4
DEBUG:PyQt4.uic.uiparser:new topwidget <PyQt4.QtGui.QWidget object at 0x7f082c0cfaf8>
DEBUG:PyQt4.uic.properties:setting property minimumSize
DEBUG:PyQt4.uic.properties:setting property maximumSize
DEBUG:PyQt4.uic.properties:setting property text
DEBUG:PyQt4.uic.uiparser:push QPushButton pushButton_5
DEBUG:PyQt4.uic.uiparser:pop widget QPushButton pushButton_5
DEBUG:PyQt4.uic.uiparser:new topwidget <PyQt4.QtGui.QWidget object at 0x7f082c0cfaf8>
DEBUG:PyQt4.uic.properties:setting property minimumSize
DEBUG:PyQt4.uic.properties:setting property maximumSize
DEBUG:PyQt4.uic.properties:setting property text
DEBUG:PyQt4.uic.uiparser:push QPushButton pushButton_6
DEBUG:PyQt4.uic.uiparser:pop widget QPushButton pushButton_6
DEBUG:PyQt4.uic.uiparser:new topwidget <PyQt4.QtGui.QWidget object at 0x7f082c0cfaf8>
DEBUG:PyQt4.uic.uiparser:pop layout QHBoxLayout horizontalLayout
DEBUG:PyQt4.uic.uiparser:pop layout QVBoxLayout verticalLayout
DEBUG:PyQt4.uic.uiparser:pop widget QWidget verticalLayoutWidget
DEBUG:PyQt4.uic.uiparser:new topwidget <PyQt4.QtGui.QWidget object at 0x7f082c0cfb88>
DEBUG:PyQt4.uic.uiparser:pop widget QWidget centralwidget
DEBUG:PyQt4.uic.uiparser:new topwidget <gui.MainWindow.MainWindow object at 0x7f082d7b3f78>
DEBUG:PyQt4.uic.properties:setting property geometry
DEBUG:PyQt4.uic.uiparser:push QMenuBar menubar
DEBUG:PyQt4.uic.properties:setting property title
DEBUG:PyQt4.uic.uiparser:push QMenu menuFile
DEBUG:PyQt4.uic.uiparser:pop widget QMenu menuFile
DEBUG:PyQt4.uic.uiparser:new topwidget <PyQt4.QtGui.QMenuBar object at 0x7f082c0e6ee8>
DEBUG:PyQt4.uic.properties:setting property title
DEBUG:PyQt4.uic.uiparser:push QMenu menuView
DEBUG:PyQt4.uic.uiparser:pop widget QMenu menuView
DEBUG:PyQt4.uic.uiparser:new topwidget <PyQt4.QtGui.QMenuBar object at 0x7f082c0e6ee8>
DEBUG:PyQt4.uic.uiparser:pop widget QMenuBar menubar
DEBUG:PyQt4.uic.uiparser:new topwidget <gui.MainWindow.MainWindow object at 0x7f082d7b3f78>
DEBUG:PyQt4.uic.uiparser:push QStatusBar statusbar
DEBUG:PyQt4.uic.uiparser:pop widget QStatusBar statusbar
DEBUG:PyQt4.uic.uiparser:new topwidget <gui.MainWindow.MainWindow object at 0x7f082d7b3f78>
DEBUG:PyQt4.uic.properties:setting property text
DEBUG:PyQt4.uic.properties:setting property text
DEBUG:PyQt4.uic.properties:setting property text
DEBUG:PyQt4.uic.properties:setting property text
DEBUG:PyQt4.uic.properties:setting property text
DEBUG:PyQt4.uic.properties:setting property text
DEBUG:PyQt4.uic.properties:setting property shortcut
DEBUG:PyQt4.uic.properties:setting property text
DEBUG:PyQt4.uic.properties:setting property shortcut
DEBUG:PyQt4.uic.properties:setting property text
DEBUG:PyQt4.uic.properties:setting property shortcut
DEBUG:PyQt4.uic.properties:setting property text
DEBUG:PyQt4.uic.properties:setting property text
DEBUG:PyQt4.uic.properties:setting property text
DEBUG:PyQt4.uic.properties:setting property text
DEBUG:PyQt4.uic.uiparser:pop widget MainWindow MainWindow
DEBUG:PyQt4.uic.uiparser:new topwidget None
DEBUG:PyQt4.uic.uiparser:add action actionNew_Net to menuFile
DEBUG:PyQt4.uic.uiparser:add action actionOpen_Net to menuFile
DEBUG:PyQt4.uic.uiparser:add action actionSave_Net to menuFile
DEBUG:PyQt4.uic.uiparser:add action actionExport_Step_as_SVG to menuFile
DEBUG:PyQt4.uic.uiparser:add action actionExport_to_Gif to menuFile
DEBUG:PyQt4.uic.uiparser:add action actionExit to menuFile
DEBUG:PyQt4.uic.uiparser:add action actionZoom_In_2 to menuView
DEBUG:PyQt4.uic.uiparser:add action actionZoom_Out_2 to menuView
DEBUG:PyQt4.uic.uiparser:add action actionZoom_1_2 to menuView
DEBUG:PyQt4.uic.uiparser:add action menuFile to menubar
DEBUG:PyQt4.uic.uiparser:add action menuView to menubar
DEBUG:root:-------Create----Place-------------------p3735928498---------Server Receive----------
DEBUG:root:editor <gui.DiagramEditor.DiagramEditor object at 0x7f081f47d8b8> position PyQt4.QtCore.QPointF(-162.0, -589.0) initMarking deque([])
DEBUG:root:port None loadFromFile True portDirection None portClone None superNet None subnet None
DEBUG:root:-----------------------------------------------------------------------------------
DEBUG:root:-------Create----Place-------------------p3735928499---------Server Send----------
DEBUG:root:editor <gui.DiagramEditor.DiagramEditor object at 0x7f081f47d8b8> position PyQt4.QtCore.QPointF(-153.0, -54.0) initMarking deque([])
DEBUG:root:port None loadFromFile True portDirection None portClone None superNet None subnet None
DEBUG:root:-----------------------------------------------------------------------------------
DEBUG:root:-------Create----Place-------------------p3735928540---------Server IP Address----------
DEBUG:root:editor <gui.DiagramEditor.DiagramEditor object at 0x7f081f47d8b8> position PyQt4.QtCore.QPointF(212.0, -355.0) initMarking deque(['52 a5 e5 8a'])
DEBUG:root:port None loadFromFile True portDirection None portClone None superNet None subnet None
DEBUG:root:-----------------------------------------------------------------------------------
DEBUG:root:-------Create----Place-------------------p3735928542---------Client IP Address----------
DEBUG:root:editor <gui.DiagramEditor.DiagramEditor object at 0x7f081f47d8b8> position PyQt4.QtCore.QPointF(398.0, -577.0) initMarking deque([])
DEBUG:root:port None loadFromFile True portDirection None portClone None superNet None subnet None
DEBUG:root:-----------------------------------------------------------------------------------
DEBUG:root:-------Create----Place-------------------p3735928543---------Server Dump----------
DEBUG:root:editor <gui.DiagramEditor.DiagramEditor object at 0x7f081f47d8b8> position PyQt4.QtCore.QPointF(-10.0, -588.0) initMarking deque([])
DEBUG:root:port None loadFromFile True portDirection None portClone None superNet None subnet None
DEBUG:root:-----------------------------------------------------------------------------------
DEBUG:root:-------Create----Place-------------------p3735928544---------Received Request----------
DEBUG:root:editor <gui.DiagramEditor.DiagramEditor object at 0x7f081f47d8b8> position PyQt4.QtCore.QPointF(-219.0, -151.0) initMarking deque([])
DEBUG:root:port None loadFromFile True portDirection None portClone None superNet None subnet None
DEBUG:root:-----------------------------------------------------------------------------------
DEBUG:root:-------Create----Place-------------------p3735928547---------Response Header----------
DEBUG:root:editor <gui.DiagramEditor.DiagramEditor object at 0x7f081f47d8b8> position PyQt4.QtCore.QPointF(734.0, -119.0) initMarking deque(['ac 9e 17 4e 7e 41 24 65 11 f6 cd 55 08 00 45 00 00 54 0f 98 40 00 f8 01 bd f4'])
DEBUG:root:port None loadFromFile True portDirection None portClone None superNet None subnet None
DEBUG:root:-----------------------------------------------------------------------------------
DEBUG:root:-------Create----Transition-------------------t3735928502---------receive from Web----------
DEBUG:root:editor <gui.DiagramEditor.DiagramEditor object at 0x7f081f47d8b8> position PyQt4.QtCore.QPointF(-423.0, -591.0) Guard Expression True
DEBUG:root:loadFromFile True substitution Transition False subnet None
DEBUG:root:-----------------------------------------------------------------------------------
DEBUG:root:-------Create----Transition-------------------t3735928503---------transmit to Web----------
DEBUG:root:editor <gui.DiagramEditor.DiagramEditor object at 0x7f081f47d8b8> position PyQt4.QtCore.QPointF(-396.0, -54.0) Guard Expression True
DEBUG:root:loadFromFile True substitution Transition False subnet None
DEBUG:root:-----------------------------------------------------------------------------------
DEBUG:root:-------Create----Transition-------------------t3735928504---------process Request----------
DEBUG:root:editor <gui.DiagramEditor.DiagramEditor object at 0x7f081f47d8b8> position PyQt4.QtCore.QPointF(-133.0, -335.0) Guard Expression True
DEBUG:root:loadFromFile True substitution Transition False subnet None
DEBUG:root:-----------------------------------------------------------------------------------
DEBUG:root:-------Create----Transition-------------------t3735928545---------generate Response----------
DEBUG:root:editor <gui.DiagramEditor.DiagramEditor object at 0x7f081f47d8b8> position PyQt4.QtCore.QPointF(346.0, -56.0) Guard Expression True
DEBUG:root:loadFromFile True substitution Transition False subnet None
DEBUG:root:-----------------------------------------------------------------------------------
DEBUG:root:[Place('p3735928499', MultiSet([]), tAll), Place('p3735928544', MultiSet([]), tAll), Place('p3735928540', MultiSet(['52 a5 e5 8a']), tAll), Place('p3735928543', MultiSet([]), tAll), Place('p3735928498', MultiSet([]), tAll), Place('p3735928542', MultiSet([]), tAll), Place('p3735928547', MultiSet(['ac 9e 17 4e 7e 41 24 65 11 f6 cd 55 08 00 45 00 00 54 0f 98 40 00 f8 01 bd f4']), tAll)]
DEBUG:root:[Transition('t3735928503', Expression('True')), Transition('t3735928545', Expression('True')), Transition('t3735928502', Expression('True')), Transition('t3735928504', Expression('True'))]
DEBUG:root:['t3735928502', 'p3735928498', 'Request', '7', '17']
DEBUG:root:['p3735928499', 't3735928503', 'Response', '17', '8']
DEBUG:root:['p3735928498', 't3735928504', 'Request', '12', '1']
DEBUG:root:['p3735928540', 't3735928504', 'ServerIP', '18', '5']
DEBUG:root:['t3735928504', 'p3735928540', 'ServerIP', '9', '14']
DEBUG:root:['t3735928504', 'p3735928543', 'Request if " ".join(str(Request).split(" ")[30:34])!=ServerIP else None', '3', '15']
DEBUG:root:['t3735928504', 'p3735928544', '" ".join(str(Request).split(" ")[38:]) if " ".join(str(Request).split(" ")[30:34])==ServerIP else None', '13', '2']
DEBUG:root:['p3735928544', 't3735928545', 'Payload', '10', '1']
DEBUG:root:['t3735928545', 'p3735928499', 'prefixHeader+" "+ServerIP+" "+ClientIP+" "+Payload', '17', '8']
DEBUG:root:['p3735928542', 't3735928545', 'ClientIP', '13', '4']
DEBUG:root:['p3735928540', 't3735928545', 'ServerIP', '13', '2']
DEBUG:root:['t3735928545', 'p3735928540', 'ServerIP', '3', '11']
DEBUG:root:['t3735928504', 'p3735928542', '" ".join(str(Request).split(" ")[26:30])', '4', '14']
DEBUG:root:['p3735928547', 't3735928545', 'prefixHeader', '15', '7']
DEBUG:root:['t3735928545', 'p3735928547', 'prefixHeader', '10', '10']
DEBUG:root:-------Create----Arc----------------------------Request----------
DEBUG:root:editor <gui.DiagramEditor.DiagramEditor object at 0x7f081f47d8b8> Start Pos: PyQt4.QtCore.QPointF(-298.61979166666663, -573.25) End Pos: PyQt4.QtCore.QPointF(-151.69270833333334, -563.75) Source t3735928502 Destination p3735928498
DEBUG:root:is a Port Connection False Variable None Expression None
DEBUG:root:-----------------------------------------------------------------------------------
DEBUG:root:Found Arc t3735928502 <model.ArcItem.ArcItem object at 0x7f081f4b58b8> p3735928498 7 17 
DEBUG:root:-------Create----Arc----------------------------Response----------
DEBUG:root:editor <gui.DiagramEditor.DiagramEditor object at 0x7f081f47d8b8> Start Pos: PyQt4.QtCore.QPointF(-145.39192708333334, -28.75) End Pos: PyQt4.QtCore.QPointF(-282.36588541666663, -28.75) Source p3735928499 Destination t3735928503
DEBUG:root:is a Port Connection False Variable None Expression None
DEBUG:root:-----------------------------------------------------------------------------------
DEBUG:root:Found Arc p3735928499 <model.ArcItem.ArcItem object at 0x7f081f4b5b88> t3735928503 17 8 
DEBUG:root:-------Create----Arc----------------------------Request----------
DEBUG:root:editor <gui.DiagramEditor.DiagramEditor object at 0x7f081f47d8b8> Start Pos: PyQt4.QtCore.QPointF(-91.66276041666667, -547.75) End Pos: PyQt4.QtCore.QPointF(-102.38932291666667, -332.25) Source p3735928498 Destination t3735928504
DEBUG:root:is a Port Connection False Variable None Expression None
DEBUG:root:-----------------------------------------------------------------------------------
DEBUG:root:Found Arc p3735928498 <model.ArcItem.ArcItem object at 0x7f081f4b5ee8> t3735928504 12 1 
DEBUG:root:-------Create----Arc----------------------------ServerIP----------
DEBUG:root:editor <gui.DiagramEditor.DiagramEditor object at 0x7f081f47d8b8> Start Pos: PyQt4.QtCore.QPointF(222.40885416666666, -337.25) End Pos: PyQt4.QtCore.QPointF(-14.778645833333334, -332.25) Source p3735928540 Destination t3735928504
DEBUG:root:is a Port Connection False Variable None Expression None
DEBUG:root:-----------------------------------------------------------------------------------
DEBUG:root:Found Arc p3735928540 <model.ArcItem.ArcItem object at 0x7f081e2d7288> t3735928504 18 5 
DEBUG:root:-------Create----Arc----------------------------ServerIP----------
DEBUG:root:editor <gui.DiagramEditor.DiagramEditor object at 0x7f081f47d8b8> Start Pos: PyQt4.QtCore.QPointF(-14.40625, -302.25) End Pos: PyQt4.QtCore.QPointF(245.59895833333334, -313.75) Source t3735928504 Destination p3735928540
DEBUG:root:is a Port Connection False Variable None Expression None
DEBUG:root:-----------------------------------------------------------------------------------
DEBUG:root:Found Arc t3735928504 <model.ArcItem.ArcItem object at 0x7f081e2d75e8> p3735928540 9 14 
DEBUG:root:-------Create----Arc----------------------------Request if " ".join(str(Request).split(" ")[30:34])!=ServerIP else None----------
DEBUG:root:editor <gui.DiagramEditor.DiagramEditor object at 0x7f081f47d8b8> Start Pos: PyQt4.QtCore.QPointF(-58.53125, -332.25) End Pos: PyQt4.QtCore.QPointF(0.78125, -546.75) Source t3735928504 Destination p3735928543
DEBUG:root:is a Port Connection False Variable None Expression None
DEBUG:root:-----------------------------------------------------------------------------------
DEBUG:root:Found Arc t3735928504 <model.ArcItem.ArcItem object at 0x7f081e2d7948> p3735928543 3 15 
DEBUG:root:-------Create----Arc----------------------------" ".join(str(Request).split(" ")[38:]) if " ".join(str(Request).split(" ")[30:34])==ServerIP else None----------
DEBUG:root:editor <gui.DiagramEditor.DiagramEditor object at 0x7f081f47d8b8> Start Pos: PyQt4.QtCore.QPointF(-79.09375, -293.75) End Pos: PyQt4.QtCore.QPointF(-163.51041666666666, -148.25) Source t3735928504 Destination p3735928544
DEBUG:root:is a Port Connection False Variable None Expression None
DEBUG:root:-----------------------------------------------------------------------------------
DEBUG:root:Found Arc t3735928504 <model.ArcItem.ArcItem object at 0x7f081e2d7d38> p3735928544 13 2 
DEBUG:root:-------Create----Arc----------------------------Payload----------
DEBUG:root:editor <gui.DiagramEditor.DiagramEditor object at 0x7f081f47d8b8> Start Pos: PyQt4.QtCore.QPointF(-93.30208333333334, -109.75) End Pos: PyQt4.QtCore.QPointF(380.796875, -53.25) Source p3735928544 Destination t3735928545
DEBUG:root:is a Port Connection False Variable None Expression None
DEBUG:root:-----------------------------------------------------------------------------------
DEBUG:root:Found Arc p3735928544 <model.ArcItem.ArcItem object at 0x7f081e2dc168> t3735928545 10 1 
DEBUG:root:-------Create----Arc----------------------------prefixHeader+" "+ServerIP+" "+ClientIP+" "+Payload----------
DEBUG:root:editor <gui.DiagramEditor.DiagramEditor object at 0x7f081f47d8b8> Start Pos: PyQt4.QtCore.QPointF(357.1848958333333, -30.75) End Pos: PyQt4.QtCore.QPointF(-54.73437499999999, -28.75) Source t3735928545 Destination p3735928499
DEBUG:root:is a Port Connection False Variable None Expression None
DEBUG:root:-----------------------------------------------------------------------------------
DEBUG:root:Found Arc t3735928545 <model.ArcItem.ArcItem object at 0x7f081e2dc4c8> p3735928499 17 8 
DEBUG:root:-------Create----Arc----------------------------ClientIP----------
DEBUG:root:editor <gui.DiagramEditor.DiagramEditor object at 0x7f081f47d8b8> Start Pos: PyQt4.QtCore.QPointF(453.13020833333337, -535.75) End Pos: PyQt4.QtCore.QPointF(453.50520833333337, -53.25) Source p3735928542 Destination t3735928545
DEBUG:root:is a Port Connection False Variable None Expression None
DEBUG:root:-----------------------------------------------------------------------------------
DEBUG:root:Found Arc p3735928542 <model.ArcItem.ArcItem object at 0x7f081e2dc8b8> t3735928545 13 4 
DEBUG:root:-------Create----Arc----------------------------ServerIP----------
DEBUG:root:editor <gui.DiagramEditor.DiagramEditor object at 0x7f081f47d8b8> Start Pos: PyQt4.QtCore.QPointF(269.04427083333337, -313.75) End Pos: PyQt4.QtCore.QPointF(405.1484375, -53.25) Source p3735928540 Destination t3735928545
DEBUG:root:is a Port Connection False Variable None Expression None
DEBUG:root:-----------------------------------------------------------------------------------
DEBUG:root:Found Arc p3735928540 <model.ArcItem.ArcItem object at 0x7f081e2dcc18> t3735928545 13 2 
DEBUG:root:-------Create----Arc----------------------------ServerIP----------
DEBUG:root:editor <gui.DiagramEditor.DiagramEditor object at 0x7f081f47d8b8> Start Pos: PyQt4.QtCore.QPointF(430.2942708333333, -53.25) End Pos: PyQt4.QtCore.QPointF(315.4557291666667, -313.75) Source t3735928545 Destination p3735928540
DEBUG:root:is a Port Connection False Variable None Expression None
DEBUG:root:-----------------------------------------------------------------------------------
DEBUG:root:Found Arc t3735928545 <model.ArcItem.ArcItem object at 0x7f081e2dcf78> p3735928540 3 11 
DEBUG:root:-------Create----Arc----------------------------" ".join(str(Request).split(" ")[26:30])----------
DEBUG:root:editor <gui.DiagramEditor.DiagramEditor object at 0x7f081f47d8b8> Start Pos: PyQt4.QtCore.QPointF(-36.96875, -332.25) End Pos: PyQt4.QtCore.QPointF(430.83333333333337, -535.75) Source t3735928504 Destination p3735928542
DEBUG:root:is a Port Connection False Variable None Expression None
DEBUG:root:-----------------------------------------------------------------------------------
DEBUG:root:Found Arc t3735928504 <model.ArcItem.ArcItem object at 0x7f081e2db318> p3735928542 4 14 
DEBUG:root:-------Create----Arc----------------------------prefixHeader----------
DEBUG:root:editor <gui.DiagramEditor.DiagramEditor object at 0x7f081f47d8b8> Start Pos: PyQt4.QtCore.QPointF(745.296875, -77.75) End Pos: PyQt4.QtCore.QPointF(479.1458333333333, -38.25) Source p3735928547 Destination t3735928545
DEBUG:root:is a Port Connection False Variable None Expression None
DEBUG:root:-----------------------------------------------------------------------------------
DEBUG:root:Found Arc p3735928547 <model.ArcItem.ArcItem object at 0x7f081e2db678> t3735928545 15 7 
DEBUG:root:-------Create----Arc----------------------------prefixHeader----------
DEBUG:root:editor <gui.DiagramEditor.DiagramEditor object at 0x7f081f47d8b8> Start Pos: PyQt4.QtCore.QPointF(480.03385416666663, -14.75) End Pos: PyQt4.QtCore.QPointF(859.1536458333334, -77.75) Source t3735928545 Destination p3735928547
DEBUG:root:is a Port Connection False Variable None Expression None
DEBUG:root:-----------------------------------------------------------------------------------
DEBUG:root:Found Arc t3735928545 <model.ArcItem.ArcItem object at 0x7f081e2dba68> p3735928547 10 10 
DEBUG:root:-------Create----Arc--------------------------------------
DEBUG:root:editor <gui.DiagramEditor.DiagramEditor object at 0x7f081f47d8b8> Start Pos: PyQt4.QtCore.QPointF(759.296875, -50.25) End Pos: PyQt4.QtCore.QPointF(488.0, -51.0) Source p3735928547 Destination t3735928545
DEBUG:root:is a Port Connection False Variable None Expression None
DEBUG:root:-----------------------------------------------------------------------------------
DEBUG:root:-------Create----Arc--------------------------------------
DEBUG:root:editor <gui.DiagramEditor.DiagramEditor object at 0x7f081f47d8b8> Start Pos: PyQt4.QtCore.QPointF(480.03385416666663, -14.75) End Pos: PyQt4.QtCore.QPointF(759.0, -12.0) Source t3735928545 Destination p3735928547
DEBUG:root:is a Port Connection False Variable None Expression None
DEBUG:root:-----------------------------------------------------------------------------------
DEBUG:root:-------Create----Arc--------------------------------------
DEBUG:root:editor <gui.DiagramEditor.DiagramEditor object at 0x7f081f47d8b8> Start Pos: PyQt4.QtCore.QPointF(-293.30208333333337, -65.75) End Pos: PyQt4.QtCore.QPointF(354.0, -45.0) Source p3735928544 Destination t3735928545
DEBUG:root:is a Port Connection False Variable None Expression None
DEBUG:root:-----------------------------------------------------------------------------------
DEBUG:root:-------Create----Arc--------------------------------------
DEBUG:root:editor <gui.DiagramEditor.DiagramEditor object at 0x7f081f47d8b8> Start Pos: PyQt4.QtCore.QPointF(398.49739583333337, -295.75) End Pos: PyQt4.QtCore.QPointF(403.0, -52.0) Source p3735928540 Destination t3735928545
DEBUG:root:is a Port Connection False Variable None Expression None
DEBUG:root:-----------------------------------------------------------------------------------
DEBUG:root:-------Create----Arc--------------------------------------
DEBUG:root:editor <gui.DiagramEditor.DiagramEditor object at 0x7f081f47d8b8> Start Pos: PyQt4.QtCore.QPointF(357.1848958333333, -53.25) End Pos: PyQt4.QtCore.QPointF(353.0, -296.0) Source t3735928545 Destination p3735928540
DEBUG:root:is a Port Connection False Variable None Expression None
DEBUG:root:-----------------------------------------------------------------------------------
DEBUG:root:-------Create----Arc--------------------------------------
DEBUG:root:editor <gui.DiagramEditor.DiagramEditor object at 0x7f081f47d8b8> Start Pos: PyQt4.QtCore.QPointF(283.4088541666667, -334.25) End Pos: PyQt4.QtCore.QPointF(-291.0, -320.0) Source p3735928540 Destination t3735928504
DEBUG:root:is a Port Connection False Variable None Expression None
DEBUG:root:-----------------------------------------------------------------------------------
DEBUG:root:-------Create----Arc--------------------------------------
DEBUG:root:editor <gui.DiagramEditor.DiagramEditor object at 0x7f081f47d8b8> Start Pos: PyQt4.QtCore.QPointF(-298.40625, -292.75) End Pos: PyQt4.QtCore.QPointF(290.0, -294.0) Source t3735928504 Destination p3735928540
DEBUG:root:is a Port Connection False Variable None Expression None
DEBUG:root:-----------------------------------------------------------------------------------
